<?xml version="1.0" encoding="UTF-8"?>
<!-- Generated by org.testng.reporters.JUnitReportReporter -->
<testsuite hostname="MSI" failures="0" tests="1" name="script.InvalidLogin" time="17.156" errors="0" timestamp="2023-06-05T10:27:38 IST" skipped="0">
  <testcase classname="script.InvalidLogin" name="testInvalidLogin" time="17.156"/>
  <system-out>
    <![CDATA[Err Msg is Displayed
Err Msg is Displayed]]>
  </system-out>
</testsuite> <!-- script.InvalidLogin -->
