<?xml version="1.0" encoding="UTF-8"?>
<!-- Generated by org.testng.reporters.JUnitReportReporter -->
<testsuite hostname="MSI" failures="0" tests="1" name="script.ValidLogin" time="12.413" errors="0" timestamp="2023-06-20T13:03:27 IST" skipped="0">
  <testcase classname="script.ValidLogin" name="testValidLogin" time="12.413"/>
  <system-out/>
</testsuite> <!-- script.ValidLogin -->
